E:\代码2\POJ_3278\DEBUG\POJ_3278.EXE
E:\代码2\POJ_3278\DEBUG\POJ_3278.ILK
E:\代码2\POJ_3278\DEBUG\POJ_3278.PDB
E:\代码2\POJ_3278\POJ_3278\DEBUG\3278.OBJ
E:\代码2\poj_3278\poj_3278\Debug\cl.command.1.tlog
E:\代码2\poj_3278\poj_3278\Debug\CL.read.1.tlog
E:\代码2\poj_3278\poj_3278\Debug\CL.write.1.tlog
E:\代码2\poj_3278\poj_3278\Debug\link.9300.read.1.tlog
E:\代码2\poj_3278\poj_3278\Debug\link.9300.write.1.tlog
E:\代码2\poj_3278\poj_3278\Debug\link.9300-cvtres.read.1.tlog
E:\代码2\poj_3278\poj_3278\Debug\link.9300-cvtres.write.1.tlog
E:\代码2\poj_3278\poj_3278\Debug\link.command.1.tlog
E:\代码2\poj_3278\poj_3278\Debug\link.read.1.tlog
E:\代码2\poj_3278\poj_3278\Debug\link.write.1.tlog
E:\代码2\poj_3278\poj_3278\Debug\link-cvtres.read.1.tlog
E:\代码2\poj_3278\poj_3278\Debug\link-cvtres.write.1.tlog
E:\代码2\poj_3278\poj_3278\Debug\mt.command.1.tlog
E:\代码2\poj_3278\poj_3278\Debug\mt.read.1.tlog
E:\代码2\poj_3278\poj_3278\Debug\mt.write.1.tlog
E:\代码2\POJ_3278\POJ_3278\DEBUG\POJ_3278.EXE.EMBED.MANIFEST
E:\代码2\POJ_3278\POJ_3278\DEBUG\POJ_3278.EXE.EMBED.MANIFEST.RES
E:\代码2\POJ_3278\POJ_3278\DEBUG\POJ_3278.EXE.INTERMEDIATE.MANIFEST
E:\代码2\poj_3278\poj_3278\Debug\poj_3278_manifest.rc
E:\代码2\poj_3278\poj_3278\Debug\rc.command.1.tlog
E:\代码2\poj_3278\poj_3278\Debug\rc.read.1.tlog
E:\代码2\poj_3278\poj_3278\Debug\rc.write.1.tlog
E:\代码2\poj_3278\poj_3278\Debug\vc100.idb
E:\代码2\POJ_3278\POJ_3278\DEBUG\VC100.PDB
