生成启动时间为 2014-8-26 16:56:25。
     1>项目“E:\代码2\poj_3278_BFS\poj_3278_BFS\poj_3278_BFS.vcxproj”在节点 2 上(build 个目标)。
     1>InitializeBuildStatus:
         正在创建“Debug\poj_3278_BFS.unsuccessfulbuild”，因为已指定“AlwaysCreate”。
       ClCompile:
         D:\Program Files\visual studio 2010\VC\bin\CL.exe /c /ZI /nologo /W3 /WX- /Od /Oy- /D WIN32 /D _DEBUG /D _CONSOLE /D _UNICODE /D UNICODE /Gm /EHsc /RTC1 /MDd /GS /fp:precise /Zc:wchar_t /Zc:forScope /Fo"Debug\\" /Fd"Debug\vc100.pdb" /Gd /TP /analyze- /errorReport:prompt bfs3278.cpp
         bfs3278.cpp
     1>e:\代码2\poj_3278_bfs\poj_3278_bfs\bfs3278.cpp(70): warning C4996: 'scanf': This function or variable may be unsafe. Consider using scanf_s instead. To disable deprecation, use _CRT_SECURE_NO_WARNINGS. See online help for details.
                 d:\program files\visual studio 2010\vc\include\stdio.h(304) : 参见“scanf”的声明
       ManifestResourceCompile:
         所有输出均为最新。
       Link:
         D:\Program Files\visual studio 2010\VC\bin\link.exe /ERRORREPORT:PROMPT /OUT:"E:\代码2\poj_3278_BFS\Debug\poj_3278_BFS.exe" /INCREMENTAL /NOLOGO kernel32.lib user32.lib gdi32.lib winspool.lib comdlg32.lib advapi32.lib shell32.lib ole32.lib oleaut32.lib uuid.lib odbc32.lib odbccp32.lib /MANIFEST /ManifestFile:"Debug\poj_3278_BFS.exe.intermediate.manifest" /MANIFESTUAC:"level='asInvoker' uiAccess='false'" /DEBUG /PDB:"E:\代码2\poj_3278_BFS\Debug\poj_3278_BFS.pdb" /SUBSYSTEM:CONSOLE /TLBID:1 /DYNAMICBASE /NXCOMPAT /IMPLIB:"E:\代码2\poj_3278_BFS\Debug\poj_3278_BFS.lib" /MACHINE:X86 Debug\poj_3278_BFS.exe.embed.manifest.res
         Debug\bfs3278.obj
       Manifest:
         C:\Program Files\Microsoft SDKs\Windows\v7.0A\bin\mt.exe /nologo /verbose /out:"Debug\poj_3278_BFS.exe.embed.manifest" /manifest Debug\poj_3278_BFS.exe.intermediate.manifest
         所有输出均为最新。
       LinkEmbedManifest:
         所有输出均为最新。
         poj_3278_BFS.vcxproj -> E:\代码2\poj_3278_BFS\Debug\poj_3278_BFS.exe
       FinalizeBuildStatus:
         正在删除文件“Debug\poj_3278_BFS.unsuccessfulbuild”。
         正在对“Debug\poj_3278_BFS.lastbuildstate”执行 Touch 任务。
     1>已完成生成项目“E:\代码2\poj_3278_BFS\poj_3278_BFS\poj_3278_BFS.vcxproj”(build 个目标)的操作。

生成成功。

已用时间 00:00:01.50
