生成启动时间为 2014-8-22 17:31:11。
     1>项目“E:\代码2\poj1753\poj1753\poj1753.vcxproj”在节点 2 上(build 个目标)。
     1>InitializeBuildStatus:
         正在创建“Debug\poj1753.unsuccessfulbuild”，因为已指定“AlwaysCreate”。
       ClCompile:
         D:\Program Files\visual studio 2010\VC\bin\CL.exe /c /ZI /nologo /W3 /WX- /Od /Oy- /D WIN32 /D _DEBUG /D _CONSOLE /D _UNICODE /D UNICODE /Gm /EHsc /RTC1 /MDd /GS /fp:precise /Zc:wchar_t /Zc:forScope /Fo"Debug\\" /Fd"Debug\vc100.pdb" /Gd /TP /analyze- /errorReport:prompt 1753.cpp
         1753.cpp
       ManifestResourceCompile:
         所有输出均为最新。
       Link:
         D:\Program Files\visual studio 2010\VC\bin\link.exe /ERRORREPORT:PROMPT /OUT:"E:\代码2\poj1753\Debug\poj1753.exe" /INCREMENTAL /NOLOGO kernel32.lib user32.lib gdi32.lib winspool.lib comdlg32.lib advapi32.lib shell32.lib ole32.lib oleaut32.lib uuid.lib odbc32.lib odbccp32.lib /MANIFEST /ManifestFile:"Debug\poj1753.exe.intermediate.manifest" /MANIFESTUAC:"level='asInvoker' uiAccess='false'" /DEBUG /PDB:"E:\代码2\poj1753\Debug\poj1753.pdb" /SUBSYSTEM:CONSOLE /TLBID:1 /DYNAMICBASE /NXCOMPAT /IMPLIB:"E:\代码2\poj1753\Debug\poj1753.lib" /MACHINE:X86 Debug\poj1753.exe.embed.manifest.res
         Debug\1753.obj
       Manifest:
         C:\Program Files\Microsoft SDKs\Windows\v7.0A\bin\mt.exe /nologo /verbose /out:"Debug\poj1753.exe.embed.manifest" /manifest Debug\poj1753.exe.intermediate.manifest
         所有输出均为最新。
       LinkEmbedManifest:
         所有输出均为最新。
         poj1753.vcxproj -> E:\代码2\poj1753\Debug\poj1753.exe
       FinalizeBuildStatus:
         正在删除文件“Debug\poj1753.unsuccessfulbuild”。
         正在对“Debug\poj1753.lastbuildstate”执行 Touch 任务。
     1>已完成生成项目“E:\代码2\poj1753\poj1753\poj1753.vcxproj”(build 个目标)的操作。

生成成功。

已用时间 00:00:00.79
