E:\代码2\POJ1753\DEBUG\POJ1753.EXE
E:\代码2\POJ1753\DEBUG\POJ1753.ILK
E:\代码2\POJ1753\DEBUG\POJ1753.PDB
E:\代码2\POJ1753\POJ1753\DEBUG\1753.OBJ
E:\代码2\poj1753\poj1753\Debug\cl.command.1.tlog
E:\代码2\poj1753\poj1753\Debug\CL.read.1.tlog
E:\代码2\poj1753\poj1753\Debug\CL.write.1.tlog
E:\代码2\poj1753\poj1753\Debug\link.9320.read.1.tlog
E:\代码2\poj1753\poj1753\Debug\link.9320.write.1.tlog
E:\代码2\poj1753\poj1753\Debug\link.9320-cvtres.read.1.tlog
E:\代码2\poj1753\poj1753\Debug\link.9320-cvtres.write.1.tlog
E:\代码2\poj1753\poj1753\Debug\link.command.1.tlog
E:\代码2\poj1753\poj1753\Debug\link.read.1.tlog
E:\代码2\poj1753\poj1753\Debug\link.write.1.tlog
E:\代码2\poj1753\poj1753\Debug\link-cvtres.read.1.tlog
E:\代码2\poj1753\poj1753\Debug\link-cvtres.write.1.tlog
E:\代码2\poj1753\poj1753\Debug\mt.command.1.tlog
E:\代码2\poj1753\poj1753\Debug\mt.read.1.tlog
E:\代码2\poj1753\poj1753\Debug\mt.write.1.tlog
E:\代码2\POJ1753\POJ1753\DEBUG\POJ1753.EXE.EMBED.MANIFEST
E:\代码2\POJ1753\POJ1753\DEBUG\POJ1753.EXE.EMBED.MANIFEST.RES
E:\代码2\POJ1753\POJ1753\DEBUG\POJ1753.EXE.INTERMEDIATE.MANIFEST
E:\代码2\poj1753\poj1753\Debug\poj1753_manifest.rc
E:\代码2\poj1753\poj1753\Debug\rc.command.1.tlog
E:\代码2\poj1753\poj1753\Debug\rc.read.1.tlog
E:\代码2\poj1753\poj1753\Debug\rc.write.1.tlog
E:\代码2\poj1753\poj1753\Debug\vc100.idb
E:\代码2\POJ1753\POJ1753\DEBUG\VC100.PDB
