生成启动时间为 2014-9-5 15:28:38。
     1>项目“E:\代码2\poj_1014\poj_1014\poj_1014.vcxproj”在节点 2 上(build 个目标)。
     1>InitializeBuildStatus:
         正在创建“Debug\poj_1014.unsuccessfulbuild”，因为已指定“AlwaysCreate”。
       ClCompile:
         D:\Program Files\visual studio 2010\VC\bin\CL.exe /c /ZI /nologo /W3 /WX- /Od /Oy- /D WIN32 /D _DEBUG /D _CONSOLE /D _UNICODE /D UNICODE /Gm /EHsc /RTC1 /MDd /GS /fp:precise /Zc:wchar_t /Zc:forScope /Fo"Debug\\" /Fd"Debug\vc100.pdb" /Gd /TP /analyze- /errorReport:prompt 1014.cpp
         1014.cpp
     1>e:\代码2\poj_1014\poj_1014\1014.cpp(57): warning C4996: 'freopen': This function or variable may be unsafe. Consider using freopen_s instead. To disable deprecation, use _CRT_SECURE_NO_WARNINGS. See online help for details.
                 d:\program files\visual studio 2010\vc\include\stdio.h(249) : 参见“freopen”的声明
       ManifestResourceCompile:
         所有输出均为最新。
       Link:
         D:\Program Files\visual studio 2010\VC\bin\link.exe /ERRORREPORT:PROMPT /OUT:"E:\代码2\poj_1014\Debug\poj_1014.exe" /INCREMENTAL /NOLOGO kernel32.lib user32.lib gdi32.lib winspool.lib comdlg32.lib advapi32.lib shell32.lib ole32.lib oleaut32.lib uuid.lib odbc32.lib odbccp32.lib /MANIFEST /ManifestFile:"Debug\poj_1014.exe.intermediate.manifest" /MANIFESTUAC:"level='asInvoker' uiAccess='false'" /DEBUG /PDB:"E:\代码2\poj_1014\Debug\poj_1014.pdb" /SUBSYSTEM:CONSOLE /TLBID:1 /DYNAMICBASE /NXCOMPAT /IMPLIB:"E:\代码2\poj_1014\Debug\poj_1014.lib" /MACHINE:X86 Debug\poj_1014.exe.embed.manifest.res
         Debug\1014.obj
       Manifest:
         C:\Program Files\Microsoft SDKs\Windows\v7.0A\bin\mt.exe /nologo /verbose /out:"Debug\poj_1014.exe.embed.manifest" /manifest Debug\poj_1014.exe.intermediate.manifest
         所有输出均为最新。
       LinkEmbedManifest:
         所有输出均为最新。
         poj_1014.vcxproj -> E:\代码2\poj_1014\Debug\poj_1014.exe
       FinalizeBuildStatus:
         正在删除文件“Debug\poj_1014.unsuccessfulbuild”。
         正在对“Debug\poj_1014.lastbuildstate”执行 Touch 任务。
     1>已完成生成项目“E:\代码2\poj_1014\poj_1014\poj_1014.vcxproj”(build 个目标)的操作。

生成成功。

已用时间 00:00:00.73
