E:\代码2\POJ_1014\DEBUG\POJ_1014.EXE
E:\代码2\POJ_1014\DEBUG\POJ_1014.ILK
E:\代码2\POJ_1014\DEBUG\POJ_1014.PDB
E:\代码2\POJ_1014\POJ_1014\DEBUG\1014.OBJ
E:\代码2\poj_1014\poj_1014\Debug\cl.command.1.tlog
E:\代码2\poj_1014\poj_1014\Debug\CL.read.1.tlog
E:\代码2\poj_1014\poj_1014\Debug\CL.write.1.tlog
E:\代码2\poj_1014\poj_1014\Debug\link.2336.read.1.tlog
E:\代码2\poj_1014\poj_1014\Debug\link.2336.write.1.tlog
E:\代码2\poj_1014\poj_1014\Debug\link.2336-cvtres.read.1.tlog
E:\代码2\poj_1014\poj_1014\Debug\link.2336-cvtres.write.1.tlog
E:\代码2\poj_1014\poj_1014\Debug\link.6760.read.1.tlog
E:\代码2\poj_1014\poj_1014\Debug\link.6760.write.1.tlog
E:\代码2\poj_1014\poj_1014\Debug\link.6760-cvtres.read.1.tlog
E:\代码2\poj_1014\poj_1014\Debug\link.6760-cvtres.write.1.tlog
E:\代码2\poj_1014\poj_1014\Debug\link.command.1.tlog
E:\代码2\poj_1014\poj_1014\Debug\link.read.1.tlog
E:\代码2\poj_1014\poj_1014\Debug\link.write.1.tlog
E:\代码2\poj_1014\poj_1014\Debug\link-cvtres.read.1.tlog
E:\代码2\poj_1014\poj_1014\Debug\link-cvtres.write.1.tlog
E:\代码2\poj_1014\poj_1014\Debug\mt.command.1.tlog
E:\代码2\poj_1014\poj_1014\Debug\mt.read.1.tlog
E:\代码2\poj_1014\poj_1014\Debug\mt.write.1.tlog
E:\代码2\POJ_1014\POJ_1014\DEBUG\POJ_1014.EXE.EMBED.MANIFEST
E:\代码2\POJ_1014\POJ_1014\DEBUG\POJ_1014.EXE.EMBED.MANIFEST.RES
E:\代码2\POJ_1014\POJ_1014\DEBUG\POJ_1014.EXE.INTERMEDIATE.MANIFEST
E:\代码2\poj_1014\poj_1014\Debug\poj_1014_manifest.rc
E:\代码2\poj_1014\poj_1014\Debug\rc.command.1.tlog
E:\代码2\poj_1014\poj_1014\Debug\rc.read.1.tlog
E:\代码2\poj_1014\poj_1014\Debug\rc.write.1.tlog
E:\代码2\poj_1014\poj_1014\Debug\vc100.idb
E:\代码2\POJ_1014\POJ_1014\DEBUG\VC100.PDB
