E:\代码2\CMailSender\CMailSender\Debug\cl.command.1.tlog
E:\代码2\CMailSender\CMailSender\Debug\CL.read.1.tlog
E:\代码2\CMailSender\CMailSender\Debug\CL.write.1.tlog
E:\代码2\CMAILSENDER\CMAILSENDER\DEBUG\CMAILSENDER.EXE.EMBED.MANIFEST
E:\代码2\CMAILSENDER\CMAILSENDER\DEBUG\CMAILSENDER.EXE.EMBED.MANIFEST.RES
E:\代码2\CMailSender\CMailSender\Debug\CMailSender.exe.intermediate.manifest
E:\代码2\CMailSender\CMailSender\Debug\CMailSender_manifest.rc
E:\代码2\CMAILSENDER\CMAILSENDER\DEBUG\CSENDMAIL.OBJ
E:\代码2\CMailSender\CMailSender\Debug\link.2848.read.1.tlog
E:\代码2\CMailSender\CMailSender\Debug\link.2848.write.1.tlog
E:\代码2\CMailSender\CMailSender\Debug\link.2848-cvtres.read.1.tlog
E:\代码2\CMailSender\CMailSender\Debug\link.2848-cvtres.write.1.tlog
E:\代码2\CMailSender\CMailSender\Debug\link.4976.read.1.tlog
E:\代码2\CMailSender\CMailSender\Debug\link.4976.write.1.tlog
E:\代码2\CMailSender\CMailSender\Debug\link.4976-cvtres.read.1.tlog
E:\代码2\CMailSender\CMailSender\Debug\link.4976-cvtres.write.1.tlog
E:\代码2\CMailSender\CMailSender\Debug\link.4984.read.1.tlog
E:\代码2\CMailSender\CMailSender\Debug\link.4984.write.1.tlog
E:\代码2\CMailSender\CMailSender\Debug\link.4984-cvtres.read.1.tlog
E:\代码2\CMailSender\CMailSender\Debug\link.4984-cvtres.write.1.tlog
E:\代码2\CMailSender\CMailSender\Debug\link.7824.read.1.tlog
E:\代码2\CMailSender\CMailSender\Debug\link.7824.write.1.tlog
E:\代码2\CMailSender\CMailSender\Debug\link.7824-cvtres.read.1.tlog
E:\代码2\CMailSender\CMailSender\Debug\link.7824-cvtres.write.1.tlog
E:\代码2\CMailSender\CMailSender\Debug\link.7860.read.1.tlog
E:\代码2\CMailSender\CMailSender\Debug\link.7860.write.1.tlog
E:\代码2\CMailSender\CMailSender\Debug\link.7860-cvtres.read.1.tlog
E:\代码2\CMailSender\CMailSender\Debug\link.7860-cvtres.write.1.tlog
E:\代码2\CMailSender\CMailSender\Debug\link.command.1.tlog
E:\代码2\CMailSender\CMailSender\Debug\link.read.1.tlog
E:\代码2\CMailSender\CMailSender\Debug\link.write.1.tlog
E:\代码2\CMailSender\CMailSender\Debug\link-cvtres.read.1.tlog
E:\代码2\CMailSender\CMailSender\Debug\link-cvtres.write.1.tlog
E:\代码2\CMailSender\CMailSender\Debug\mt.command.1.tlog
E:\代码2\CMailSender\CMailSender\Debug\mt.read.1.tlog
E:\代码2\CMailSender\CMailSender\Debug\mt.write.1.tlog
E:\代码2\CMailSender\CMailSender\Debug\rc.command.1.tlog
E:\代码2\CMailSender\CMailSender\Debug\rc.read.1.tlog
E:\代码2\CMailSender\CMailSender\Debug\rc.write.1.tlog
E:\代码2\CMAILSENDER\CMAILSENDER\DEBUG\USE_SMAIL.OBJ
E:\代码2\CMailSender\CMailSender\Debug\vc100.idb
E:\代码2\CMAILSENDER\CMAILSENDER\DEBUG\VC100.PDB
E:\代码2\CMailSender\Debug\CMailSender.exe
E:\代码2\CMailSender\Debug\CMailSender.ilk
E:\代码2\CMailSender\Debug\CMailSender.pdb
