生成启动时间为 2014-9-20 10:41:41。
     1>项目“E:\GitHub\Six_beauty\代码\CMailSender\CMailSender\CMailSender.vcxproj”在节点 2 上(rebuild 个目标)。
     1>_PrepareForClean:
         正在删除文件“Debug\CMailSender.lastbuildstate”。
       InitializeBuildStatus:
         正在对“Debug\CMailSender.unsuccessfulbuild”执行 Touch 任务。
       ClCompile:
         D:\Program Files\visual studio 2010\VC\bin\CL.exe /c /ZI /nologo /W3 /WX- /Od /Oy- /D WIN32 /D _DEBUG /D _CONSOLE /D _MBCS /Gm /EHsc /RTC1 /MTd /GS /fp:precise /Zc:wchar_t /Zc:forScope /Fo"Debug\\" /Fd"Debug\vc100.pdb" /Gd /TP /analyze- /errorReport:prompt CSendMail.cpp use_Smail.cpp
         use_Smail.cpp
     1>e:\github\six_beauty\代码\cmailsender\cmailsender\loginfo.h(20): warning C4996: '_vsnprintf': This function or variable may be unsafe. Consider using _vsnprintf_s instead. To disable deprecation, use _CRT_SECURE_NO_WARNINGS. See online help for details.
                 d:\program files\visual studio 2010\vc\include\stdio.h(363) : 参见“_vsnprintf”的声明
         CSendMail.cpp
         _WIN32_WINNT not defined. Defaulting to _WIN32_WINNT_MAXVER (see WinSDKVer.h)
     1>e:\github\six_beauty\代码\cmailsender\cmailsender\loginfo.h(20): warning C4996: '_vsnprintf': This function or variable may be unsafe. Consider using _vsnprintf_s instead. To disable deprecation, use _CRT_SECURE_NO_WARNINGS. See online help for details.
                 d:\program files\visual studio 2010\vc\include\stdio.h(363) : 参见“_vsnprintf”的声明
     1>e:\github\six_beauty\代码\cmailsender\cmailsender\csendmail.cpp(303): warning C4996: 'localtime': This function or variable may be unsafe. Consider using localtime_s instead. To disable deprecation, use _CRT_SECURE_NO_WARNINGS. See online help for details.
                 d:\program files\visual studio 2010\vc\include\time.inl(112) : 参见“localtime”的声明
         正在生成代码...
       ManifestResourceCompile:
         C:\Program Files\Microsoft SDKs\Windows\v7.0A\bin\rc.exe /nologo /fo"Debug\CMailSender.exe.embed.manifest.res" Debug\CMailSender_manifest.rc 
       Link:
         D:\Program Files\visual studio 2010\VC\bin\link.exe /ERRORREPORT:PROMPT /OUT:"E:\GitHub\Six_beauty\代码\CMailSender\Debug\CMailSender.exe" /INCREMENTAL /NOLOGO /MANIFEST /ManifestFile:"Debug\CMailSender.exe.intermediate.manifest" /MANIFESTUAC:"level='asInvoker' uiAccess='false'" /DEBUG /PDB:"E:\GitHub\Six_beauty\代码\CMailSender\Debug\CMailSender.pdb" /SUBSYSTEM:CONSOLE /TLBID:1 /DYNAMICBASE /NXCOMPAT /IMPLIB:"E:\GitHub\Six_beauty\代码\CMailSender\Debug\CMailSender.lib" /MACHINE:X86 Debug\CMailSender.exe.embed.manifest.res
         Debug\CSendMail.obj
         Debug\use_Smail.obj
       Manifest:
         正在删除文件“Debug\CMailSender.exe.embed.manifest”。
         C:\Program Files\Microsoft SDKs\Windows\v7.0A\bin\mt.exe /nologo /verbose /out:"Debug\CMailSender.exe.embed.manifest" /manifest Debug\CMailSender.exe.intermediate.manifest "D:\Program Files\visual studio 2010\VC\Include\Manifest\dpiaware.manifest"
         C:\Program Files\Microsoft SDKs\Windows\v7.0A\bin\rc.exe /nologo /fo"Debug\CMailSender.exe.embed.manifest.res" Debug\CMailSender_manifest.rc 
       LinkEmbedManifest:
         D:\Program Files\visual studio 2010\VC\bin\link.exe /ERRORREPORT:PROMPT /OUT:"E:\GitHub\Six_beauty\代码\CMailSender\Debug\CMailSender.exe" /INCREMENTAL /NOLOGO /MANIFEST /ManifestFile:"Debug\CMailSender.exe.intermediate.manifest" /MANIFESTUAC:"level='asInvoker' uiAccess='false'" /DEBUG /PDB:"E:\GitHub\Six_beauty\代码\CMailSender\Debug\CMailSender.pdb" /SUBSYSTEM:CONSOLE /TLBID:1 /DYNAMICBASE /NXCOMPAT /IMPLIB:"E:\GitHub\Six_beauty\代码\CMailSender\Debug\CMailSender.lib" /MACHINE:X86 Debug\CMailSender.exe.embed.manifest.res
         Debug\CSendMail.obj
         Debug\use_Smail.obj
     1>LINK : fatal error LNK1104: 无法打开文件“E:\GitHub\Six_beauty\代码\CMailSender\Debug\CMailSender.ilk”
     1>已完成生成项目“E:\GitHub\Six_beauty\代码\CMailSender\CMailSender\CMailSender.vcxproj”(rebuild 个目标)的操作 - 失败。

生成失败。

已用时间 00:00:05.46
