生成启动时间为 2014-9-18 8:50:38。
     1>项目“E:\GitHub\Six_beauty\代码\SendMail_LibCurl\SendMail_LibCurl\SendMail_LibCurl.vcxproj”在节点 2 上(build 个目标)。
     1>InitializeBuildStatus:
         正在创建“Debug\SendMail_LibCurl.unsuccessfulbuild”，因为已指定“AlwaysCreate”。
       ClCompile:
         D:\Program Files\visual studio 2010\VC\bin\CL.exe /c /ZI /nologo /W3 /WX- /Od /Oy- /D WIN32 /D _DEBUG /D _CONSOLE /D BUILDING_LIBCURL /D HTTP_ONLY /D _UNICODE /D UNICODE /Gm /EHsc /RTC1 /MDd /GS /fp:precise /Zc:wchar_t /Zc:forScope /Fo"Debug\\" /Fd"Debug\vc100.pdb" /Gd /TP /analyze- /errorReport:prompt main_test.cpp
         main_test.cpp
       ManifestResourceCompile:
         所有输出均为最新。
       Link:
         D:\Program Files\visual studio 2010\VC\bin\link.exe /ERRORREPORT:PROMPT /OUT:"E:\GitHub\Six_beauty\代码\SendMail_LibCurl\Debug\SendMail_LibCurl.exe" /INCREMENTAL /NOLOGO ws2_32.lib winmm.lib wldap32.lib kernel32.lib user32.lib gdi32.lib winspool.lib comdlg32.lib advapi32.lib shell32.lib ole32.lib oleaut32.lib uuid.lib odbc32.lib odbccp32.lib /MANIFEST /ManifestFile:"Debug\SendMail_LibCurl.exe.intermediate.manifest" /MANIFESTUAC:"level='asInvoker' uiAccess='false'" /DEBUG /PDB:"E:\GitHub\Six_beauty\代码\SendMail_LibCurl\Debug\SendMail_LibCurl.pdb" /SUBSYSTEM:CONSOLE /TLBID:1 /DYNAMICBASE /NXCOMPAT /IMPLIB:"E:\GitHub\Six_beauty\代码\SendMail_LibCurl\Debug\SendMail_LibCurl.lib" /MACHINE:X86 Debug\SendMail_LibCurl.exe.embed.manifest.res
         Debug\CSendMail.obj
         Debug\main_test.obj
       Manifest:
         C:\Program Files\Microsoft SDKs\Windows\v7.0A\bin\mt.exe /nologo /verbose /out:"Debug\SendMail_LibCurl.exe.embed.manifest" /manifest Debug\SendMail_LibCurl.exe.intermediate.manifest
         所有输出均为最新。
       LinkEmbedManifest:
         所有输出均为最新。
         SendMail_LibCurl.vcxproj -> E:\GitHub\Six_beauty\代码\SendMail_LibCurl\Debug\SendMail_LibCurl.exe
       FinalizeBuildStatus:
         正在删除文件“Debug\SendMail_LibCurl.unsuccessfulbuild”。
         正在对“Debug\SendMail_LibCurl.lastbuildstate”执行 Touch 任务。
     1>已完成生成项目“E:\GitHub\Six_beauty\代码\SendMail_LibCurl\SendMail_LibCurl\SendMail_LibCurl.vcxproj”(build 个目标)的操作。

生成成功。

已用时间 00:00:03.67
