E:\GITHUB\SIX_BEAUTY\代码\SENDMAIL_LIBCURL\DEBUG\SENDMAIL_LIBCURL.EXE
E:\GITHUB\SIX_BEAUTY\代码\SENDMAIL_LIBCURL\DEBUG\SENDMAIL_LIBCURL.ILK
E:\GITHUB\SIX_BEAUTY\代码\SENDMAIL_LIBCURL\DEBUG\SENDMAIL_LIBCURL.PDB
E:\GitHub\Six_beauty\代码\SendMail_LibCurl\SendMail_LibCurl\Debug\cl.command.1.tlog
E:\GitHub\Six_beauty\代码\SendMail_LibCurl\SendMail_LibCurl\Debug\CL.read.1.tlog
E:\GitHub\Six_beauty\代码\SendMail_LibCurl\SendMail_LibCurl\Debug\CL.write.1.tlog
E:\GITHUB\SIX_BEAUTY\代码\SENDMAIL_LIBCURL\SENDMAIL_LIBCURL\DEBUG\CSENDMAIL.OBJ
E:\GitHub\Six_beauty\代码\SendMail_LibCurl\SendMail_LibCurl\Debug\link.2436.read.1.tlog
E:\GitHub\Six_beauty\代码\SendMail_LibCurl\SendMail_LibCurl\Debug\link.2436.write.1.tlog
E:\GitHub\Six_beauty\代码\SendMail_LibCurl\SendMail_LibCurl\Debug\link.6064.read.1.tlog
E:\GitHub\Six_beauty\代码\SendMail_LibCurl\SendMail_LibCurl\Debug\link.6064.write.1.tlog
E:\GitHub\Six_beauty\代码\SendMail_LibCurl\SendMail_LibCurl\Debug\link.6064-cvtres.read.1.tlog
E:\GitHub\Six_beauty\代码\SendMail_LibCurl\SendMail_LibCurl\Debug\link.6064-cvtres.write.1.tlog
E:\GitHub\Six_beauty\代码\SendMail_LibCurl\SendMail_LibCurl\Debug\link.command.1.tlog
E:\GitHub\Six_beauty\代码\SendMail_LibCurl\SendMail_LibCurl\Debug\link.read.1.tlog
E:\GitHub\Six_beauty\代码\SendMail_LibCurl\SendMail_LibCurl\Debug\link.write.1.tlog
E:\GitHub\Six_beauty\代码\SendMail_LibCurl\SendMail_LibCurl\Debug\link-cvtres.read.1.tlog
E:\GitHub\Six_beauty\代码\SendMail_LibCurl\SendMail_LibCurl\Debug\link-cvtres.write.1.tlog
E:\GITHUB\SIX_BEAUTY\代码\SENDMAIL_LIBCURL\SENDMAIL_LIBCURL\DEBUG\MAIN_TEST.OBJ
E:\GitHub\Six_beauty\代码\SendMail_LibCurl\SendMail_LibCurl\Debug\mt.command.1.tlog
E:\GitHub\Six_beauty\代码\SendMail_LibCurl\SendMail_LibCurl\Debug\mt.read.1.tlog
E:\GitHub\Six_beauty\代码\SendMail_LibCurl\SendMail_LibCurl\Debug\mt.write.1.tlog
E:\GitHub\Six_beauty\代码\SendMail_LibCurl\SendMail_LibCurl\Debug\rc.command.1.tlog
E:\GitHub\Six_beauty\代码\SendMail_LibCurl\SendMail_LibCurl\Debug\rc.read.1.tlog
E:\GitHub\Six_beauty\代码\SendMail_LibCurl\SendMail_LibCurl\Debug\rc.write.1.tlog
E:\GITHUB\SIX_BEAUTY\代码\SENDMAIL_LIBCURL\SENDMAIL_LIBCURL\DEBUG\SENDMAIL_LIBCURL.EXE.EMBED.MANIFEST
E:\GITHUB\SIX_BEAUTY\代码\SENDMAIL_LIBCURL\SENDMAIL_LIBCURL\DEBUG\SENDMAIL_LIBCURL.EXE.EMBED.MANIFEST.RES
E:\GITHUB\SIX_BEAUTY\代码\SENDMAIL_LIBCURL\SENDMAIL_LIBCURL\DEBUG\SENDMAIL_LIBCURL.EXE.INTERMEDIATE.MANIFEST
E:\GitHub\Six_beauty\代码\SendMail_LibCurl\SendMail_LibCurl\Debug\SendMail_LibCurl_manifest.rc
E:\GitHub\Six_beauty\代码\SendMail_LibCurl\SendMail_LibCurl\Debug\vc100.idb
E:\GITHUB\SIX_BEAUTY\代码\SENDMAIL_LIBCURL\SENDMAIL_LIBCURL\DEBUG\VC100.PDB
