生成启动时间为 2014-8-12 11:18:14。
     1>项目“E:\代码2\readExcel_py2.7.8\readExcel_py2.7.8\readExcel_py2.7.8.vcxproj”在节点 2 上(build 个目标)。
     1>InitializeBuildStatus:
         正在创建“Release\readExcel_py2.7.8.unsuccessfulbuild”，因为已指定“AlwaysCreate”。
       ClCompile:
         D:\Program Files\visual studio 2010\VC\bin\CL.exe /c /Zi /nologo /W3 /WX- /O2 /Oi /Oy- /GL /D WIN32 /D NDEBUG /D _CONSOLE /D _UNICODE /D UNICODE /Gm- /EHsc /MD /GS /Gy /fp:precise /Zc:wchar_t /Zc:forScope /Fo"Release\\" /Fd"Release\vc100.pdb" /Gd /TP /analyze- /errorReport:prompt readExcel.cpp
         readExcel.cpp
       Link:
         D:\Program Files\visual studio 2010\VC\bin\link.exe /ERRORREPORT:PROMPT /OUT:"E:\代码2\readExcel_py2.7.8\Release\readExcel_py2.7.8.exe" /INCREMENTAL:NO /NOLOGO kernel32.lib user32.lib gdi32.lib winspool.lib comdlg32.lib advapi32.lib shell32.lib ole32.lib oleaut32.lib uuid.lib odbc32.lib odbccp32.lib /MANIFEST /ManifestFile:"Release\readExcel_py2.7.8.exe.intermediate.manifest" /MANIFESTUAC:"level='asInvoker' uiAccess='false'" /DEBUG /PDB:"E:\代码2\readExcel_py2.7.8\Release\readExcel_py2.7.8.pdb" /SUBSYSTEM:CONSOLE /OPT:REF /OPT:ICF /LTCG /TLBID:1 /DYNAMICBASE /NXCOMPAT /IMPLIB:"E:\代码2\readExcel_py2.7.8\Release\readExcel_py2.7.8.lib" /MACHINE:X86 Release\readExcel.obj
         正在生成代码
         已完成代码的生成
         readExcel_py2.7.8.vcxproj -> E:\代码2\readExcel_py2.7.8\Release\readExcel_py2.7.8.exe
       Manifest:
         C:\Program Files\Microsoft SDKs\Windows\v7.0A\bin\mt.exe /nologo /verbose /outputresource:"E:\代码2\readExcel_py2.7.8\Release\readExcel_py2.7.8.exe;#1" /manifest Release\readExcel_py2.7.8.exe.intermediate.manifest
       FinalizeBuildStatus:
         正在删除文件“Release\readExcel_py2.7.8.unsuccessfulbuild”。
         正在对“Release\readExcel_py2.7.8.lastbuildstate”执行 Touch 任务。
     1>已完成生成项目“E:\代码2\readExcel_py2.7.8\readExcel_py2.7.8\readExcel_py2.7.8.vcxproj”(build 个目标)的操作。

生成成功。

已用时间 00:00:01.35
